-------------------------------------------------------------------------------
Test set: BankTest
-------------------------------------------------------------------------------
Tests run: 1, Failures: 0, Errors: 1, Skipped: 0, Time elapsed: 12.372 s <<< FAILURE! - in BankTest
Test(BankTest)  Time elapsed: 0.941 s  <<< ERROR!
java.lang.NoClassDefFoundError: javax/xml/bind/annotation/XmlElement
	at BankTest.Test(BankTest.java:18)
Caused by: java.lang.ClassNotFoundException: javax.xml.bind.annotation.XmlElement
	at BankTest.Test(BankTest.java:18)

