<?xml version="1.0" encoding="UTF-8"?>
<testsuite xmlns:xsi="http://www.w3.org/2001/XMLSchema-instance" xsi:schemaLocation="https://maven.apache.org/surefire/maven-surefire-plugin/xsd/surefire-test-report.xsd" name="CucumberRunner" time="1.056" tests="10" errors="0" skipped="10" failures="0">
  <properties>
[...]
</properties>
  <testcase name="1 - Расчет процентов по вкладам" classname="Вклады" time="0">
    <skipped/>
    <system-out><![CDATA[Функционал: Вклады

  Сценарий: 1 - Расчет процентов по вкладам                                                    &amp#27;[90m# src/test/resources/features/myfirst.feature:4&amp#27;[0m
    &amp#27;[33mКогда &amp#27;[0m&amp#27;[33mвыбран пункт меню "Вклады"&amp#27;[0m                                                           &amp#27;[90m# null&amp#27;[0m
    &amp#27;[33mКогда &amp#27;[0m&amp#27;[33mвыбрана валюта – "Рубли"&amp#27;[0m                                                             &amp#27;[90m# null&amp#27;[0m
    &amp#27;[33mКогда &amp#27;[0m&amp#27;[33mвыбрана сумма вклада – "300000"&amp#27;[0m                                                      &amp#27;[90m# null&amp#27;[0m
    &amp#27;[33mКогда &amp#27;[0m&amp#27;[33mвыбран срок вклада - "6 месяцев"&amp#27;[0m                                                     &amp#27;[90m# null&amp#27;[0m
    &amp#27;[33mКогда &amp#27;[0m&amp#27;[33mвыбрано ежемесячное пополнение на сумму - "50000"&amp#27;[0m                                    &amp#27;[90m# null&amp#27;[0m
    &amp#27;[33mИ &amp#27;[0m&amp#27;[33mотмечен чекбокс – "Ежемесячная капитализация"&amp#27;[0m                                            &amp#27;[90m# null&amp#27;[0m
    &amp#27;[33mТогда &amp#27;[0m&amp#27;[33mпроверено что автоматически заполнилось поле Ставка - "6.75%"&amp#27;[0m                        &amp#27;[90m# null&amp#27;[0m
    &amp#27;[33mТогда &amp#27;[0m&amp#27;[33mпроверено что автоматически заполнилось поле Начислено - "14 398,21"&amp#27;[0m                 &amp#27;[90m# null&amp#27;[0m
    &amp#27;[33mТогда &amp#27;[0m&amp#27;[33mпроверено что автоматически заполнилось поле Пополнение за 6 месяцев - "250 000"&amp#27;[0m     &amp#27;[90m# null&amp#27;[0m
    &amp#27;[33mТогда &amp#27;[0m&amp#27;[33mпроверено что автоматически заполнилось поле К снятию через 6 месяцев – "564 398,21"&amp#27;[0m &amp#27;[90m# null&amp#27;[0m
]]></system-out>
  </testcase>
  <testcase name="1 - Расчет процентов по вкладам" classname="Вклады" time="0">
    <skipped/>
  </testcase>
  <testcase name="1 - Расчет процентов по вкладам" classname="Вклады" time="0">
    <skipped/>
  </testcase>
  <testcase name="1 - Расчет процентов по вкладам" classname="Вклады" time="0">
    <skipped/>
  </testcase>
  <testcase name="1 - Расчет процентов по вкладам" classname="Вклады" time="0">
    <skipped/>
  </testcase>
  <testcase name="1 - Расчет процентов по вкладам" classname="Вклады" time="0">
    <skipped/>
  </testcase>
  <testcase name="1 - Расчет процентов по вкладам" classname="Вклады" time="0">
    <skipped/>
  </testcase>
  <testcase name="1 - Расчет процентов по вкладам" classname="Вклады" time="0">
    <skipped/>
  </testcase>
  <testcase name="1 - Расчет процентов по вкладам" classname="Вклады" time="0">
    <skipped/>
  </testcase>
  <testcase name="1 - Расчет процентов по вкладам" classname="Вклады" time="0">
    <skipped/>
  </testcase>
</testsuite>