<?xml version="1.0" encoding="UTF-8"?>
<testsuite xmlns:xsi="http://www.w3.org/2001/XMLSchema-instance" xsi:noNamespaceSchemaLocation="https://maven.apache.org/surefire/maven-surefire-plugin/xsd/surefire-test-report.xsd" name="BankTest" time="12.372" tests="1" errors="1" skipped="0" failures="0">
  <properties>
[...]
</properties>
  <testcase name="Test" classname="BankTest" time="0.941">
    <error message="javax/xml/bind/annotation/XmlElement" type="java.lang.NoClassDefFoundError">java.lang.NoClassDefFoundError: javax/xml/bind/annotation/XmlElement
	at BankTest.Test(BankTest.java:18)
Caused by: java.lang.ClassNotFoundException: javax.xml.bind.annotation.XmlElement
	at BankTest.Test(BankTest.java:18)
</error>
    <system-err><![CDATA[Starting ChromeDriver 2.43.600210 (68dcf5eebde37173d4027fa8635e332711d2874a) on port 17151
Only local connections are allowed.
июл. 24, 2019 9:10:38 PM org.openqa.selenium.remote.ProtocolHandshake createSession
INFO: Detected dialect: OSS
]]></system-err>
  </testcase>
</testsuite>